Removed Pin From Net: NetName=NET_SPI_MISO Pin=U3-6
Removed Pin From Net: NetName=NET_SPI_MOSI Pin=U3-7
Removed Pin From Net: NetName=NET_SPI_SCK Pin=U3-8
Removed Pin From Net: NetName=GND Pin=USB1-0
Removed Pin From Net: NetName=GND Pin=USB1-0
Removed Pin From Net: NetName=GND Pin=USB1-6
Removed Pin From Net: NetName=GND Pin=USB1-7
Removed Pin From Net: NetName=GND Pin=USB1-8
Removed Pin From Net: NetName=GND Pin=USB2-0
Removed Pin From Net: NetName=GND Pin=USB2-0
Removed Pin From Net: NetName=GND Pin=USB2-6
Removed Pin From Net: NetName=GND Pin=USB2-7
Removed Pin From Net: NetName=GND Pin=USB2-8
Removed Pin From Net: NetName=GND Pin=Y2-
Added Pin To Net: NetName=PB14 Pin=U3-6
Added Pin To Net: NetName=PB15 Pin=U3-7
Added Pin To Net: NetName=PB13 Pin=U3-8
Change Net Name : Old Net Name=NET_SPI_MISO New Net Name=PA6
Change Net Name : Old Net Name=NET_SPI_MOSI New Net Name=PA7
Change Net Name : Old Net Name=NET_SPI_SCK New Net Name=PA5
Change Net Name : Old Net Name=PB13 New Net Name=NET_SPI_SCK
Change Net Name : Old Net Name=PB14 New Net Name=NET_SPI_MISO
Change Net Name : Old Net Name=PB15 New Net Name=NET_SPI_MOSI
Added Member To Class: ClassName=mcu_sys_sch Member=Component P2 HEAD2*22
Added Member To Class: ClassName=mcu_sys_sch Member=Component U1 STM32F103RCT6
Added Member To Class: ClassName=web_sch Member=Component USB2 
Added Room: Name=mcu_sys_sch
Added Room: Name=web_sch
