Removed Pin From Net: NetName=DR_CH1 Pin=R24-2
Removed Pin From Net: NetName=DR_CH2 Pin=R28-2
Removed Pin From Net: NetName=GND Pin=USB1-0
Removed Pin From Net: NetName=GND Pin=USB1-0
Removed Pin From Net: NetName=GND Pin=USB1-6
Removed Pin From Net: NetName=GND Pin=USB1-7
Removed Pin From Net: NetName=GND Pin=USB1-8
Removed Pin From Net: NetName=GND Pin=USB2-0
Removed Pin From Net: NetName=GND Pin=USB2-0
Removed Pin From Net: NetName=GND Pin=USB2-6
Removed Pin From Net: NetName=GND Pin=USB2-7
Removed Pin From Net: NetName=GND Pin=USB2-8
Removed Pin From Net: NetName=GND Pin=Y2-
Added Pin To Net: NetName=PB6 Pin=R24-2
Added Pin To Net: NetName=PB5 Pin=R28-2
Change Net Name : Old Net Name=DR_CH1 New Net Name=PB9
Change Net Name : Old Net Name=DR_CH2 New Net Name=PB8
Change Net Name : Old Net Name=PB5 New Net Name=DR_CH2
Change Net Name : Old Net Name=PB6 New Net Name=DR_CH1
Added Room: Name=mcu_sys_sch
Added Room: Name=web_sch
