Added Component: Designator=BAT1(BATM)
Added Component: Designator=BEEP1(BELL-5)
Added Component: Designator=BOOT1(HDR2X3)
Added Component: Designator=BUTTON1(BTN8.5*8.5)
Added Component: Designator=C1(0603P)
Added Component: Designator=C2(0603P)
Added Component: Designator=C3(0603P)
Added Component: Designator=C4(0603P)
Added Component: Designator=C5(0603P)
Added Component: Designator=C6(0603P)
Added Component: Designator=C7(0603P)
Added Component: Designator=C8(0603P)
Added Component: Designator=C9(0603P)
Added Component: Designator=C10(0603P)
Added Component: Designator=C11(TAJ_A)
Added Component: Designator=C12(0603P)
Added Component: Designator=C13(0603P)
Added Component: Designator=C14(TAJ_A)
Added Component: Designator=C15(0603P)
Added Component: Designator=C16(0603P)
Added Component: Designator=C17(0603P)
Added Component: Designator=C18(0603P)
Added Component: Designator=C19(0603P)
Added Component: Designator=C20(0603P)
Added Component: Designator=C21(0603P)
Added Component: Designator=C22(TAJ_A)
Added Component: Designator=C23(0603P)
Added Component: Designator=D1(DIODE_SOP)
Added Component: Designator=D2(DIODE_SOP)
Added Component: Designator=D3(DIODE_SOP)
Added Component: Designator=F1(0603P)
Added Component: Designator=H1(HEAD2L-0.8)
Added Component: Designator=H2(HEAD2L-0.8)
Added Component: Designator=H3(HEAD2L-0.8)
Added Component: Designator=H4(HEAD3)
Added Component: Designator=J1(RJ8-1)
Added Component: Designator=JTAG1(JTAG_20)
Added Component: Designator=K1(KEY2)
Added Component: Designator=K2(KEY2)
Added Component: Designator=K3(KEY2)
Added Component: Designator=K4(KEY2)
Added Component: Designator=K5(KEY2)
Added Component: Designator=L1(0603P)
Added Component: Designator=L2(0603P)
Added Component: Designator=LED1(SMDLED)
Added Component: Designator=LED2(SMDLED)
Added Component: Designator=LED3(SMDLED)
Added Component: Designator=LED4(SMDLED)
Added Component: Designator=LED5(SMDLED)
Added Component: Designator=LED6(SMDLED)
Added Component: Designator=LED7(SMDLED)
Added Component: Designator=LED8(SMDLED)
Added Component: Designator=P1(HEAD2*22)
Added Component: Designator=P2(HEAD2*22)
Added Component: Designator=P3(HDR2X9)
Added Component: Designator=P4(HDR2X2)
Added Component: Designator=Q1(SOT-23)
Added Component: Designator=Q2(SOT-23)
Added Component: Designator=Q3(SOT-23)
Added Component: Designator=R1(0603P)
Added Component: Designator=R2(0603P)
Added Component: Designator=R3(0603P)
Added Component: Designator=R4(0603P)
Added Component: Designator=R5(0603P)
Added Component: Designator=R6(0603P)
Added Component: Designator=R7(0603P)
Added Component: Designator=R8(0603P)
Added Component: Designator=R9(0603P)
Added Component: Designator=R10(0603P)
Added Component: Designator=R11(0603P)
Added Component: Designator=R12(0603P)
Added Component: Designator=R13(0603P)
Added Component: Designator=R14(0603P)
Added Component: Designator=R15(0603P)
Added Component: Designator=R16(0603P)
Added Component: Designator=R17(0603P)
Added Component: Designator=R18(0603P)
Added Component: Designator=R19(0603P)
Added Component: Designator=R20(0603P)
Added Component: Designator=R21(0603P)
Added Component: Designator=R22(0603P)
Added Component: Designator=R23(0603P)
Added Component: Designator=R24(0603P)
Added Component: Designator=R25(0603P)
Added Component: Designator=R26(0603P)
Added Component: Designator=R27(0603P)
Added Component: Designator=R28(0603P)
Added Component: Designator=R29(0603P)
Added Component: Designator=R30(0603P)
Added Component: Designator=R31(0603P)
Added Component: Designator=R32(0603P)
Added Component: Designator=R33(0603P)
Added Component: Designator=R34(0603P)
Added Component: Designator=R35(0603P)
Added Component: Designator=R36(0603P)
Added Component: Designator=R37(0603P)
Added Component: Designator=R38(0603P)
Added Component: Designator=R39(0603P)
Added Component: Designator=U1(STM-LQFP64_N)
Added Component: Designator=U2(SLAB-QFN-28-3125x3125TP_N)
Added Component: Designator=U3(SSOP28)
Added Component: Designator=U4(SOT23-5)
Added Component: Designator=USB1(USB-MICRO-5P-2)
Added Component: Designator=USB2(USB-MICRO-5P-2)
Added Component: Designator=Y1(X-SM49)
Added Component: Designator=Y2(XTAL32)
Added Component: Designator=Y3(XTAL_US)
Added Pin To Net: NetName=BEEP Pin=P1-37
Added Pin To Net: NetName=BEEP Pin=P1-38
Added Pin To Net: NetName=BEEP Pin=R33-1
Added Pin To Net: NetName=BEEP Pin=U1-41
Added Net: Name=BEEP
Added Pin To Net: NetName=BOOT0 Pin=R6-1
Added Pin To Net: NetName=BOOT0 Pin=U1-60
Added Net: Name=BOOT0
Added Pin To Net: NetName=BOOT1 Pin=P2-35
Added Pin To Net: NetName=BOOT1 Pin=P2-36
Added Pin To Net: NetName=BOOT1 Pin=R8-2
Added Pin To Net: NetName=BOOT1 Pin=U1-28
Added Net: Name=BOOT1
Added Pin To Net: NetName=CP_3V3 Pin=C14-1
Added Pin To Net: NetName=CP_3V3 Pin=C17-2
Added Pin To Net: NetName=CP_3V3 Pin=R14-1
Added Pin To Net: NetName=CP_3V3 Pin=U2-6
Added Net: Name=CP_3V3
Added Pin To Net: NetName=CP_RXD Pin=P4-1
Added Pin To Net: NetName=CP_RXD Pin=R18-1
Added Pin To Net: NetName=CP_RXD Pin=U2-25
Added Net: Name=CP_RXD
Added Pin To Net: NetName=CP_TXD Pin=P4-3
Added Pin To Net: NetName=CP_TXD Pin=R17-1
Added Pin To Net: NetName=CP_TXD Pin=U2-26
Added Net: Name=CP_TXD
Added Pin To Net: NetName=D+ Pin=U2-4
Added Pin To Net: NetName=D+ Pin=USB2-3
Added Net: Name=D+
Added Pin To Net: NetName=D- Pin=U2-5
Added Pin To Net: NetName=D- Pin=USB2-2
Added Net: Name=D-
Added Pin To Net: NetName=DR_CH1 Pin=P1-1
Added Pin To Net: NetName=DR_CH1 Pin=P1-2
Added Pin To Net: NetName=DR_CH1 Pin=R24-2
Added Pin To Net: NetName=DR_CH1 Pin=U1-62
Added Net: Name=DR_CH1
Added Pin To Net: NetName=DR_CH2 Pin=P1-3
Added Pin To Net: NetName=DR_CH2 Pin=P1-4
Added Pin To Net: NetName=DR_CH2 Pin=R28-2
Added Pin To Net: NetName=DR_CH2 Pin=U1-61
Added Net: Name=DR_CH2
Added Pin To Net: NetName=GND_DR Pin=H2-2
Added Pin To Net: NetName=GND_DR Pin=Q1-2
Added Pin To Net: NetName=GND_DR Pin=Q2-2
Added Pin To Net: NetName=GND_DR Pin=R27-1
Added Pin To Net: NetName=GND_DR Pin=R29-2
Added Pin To Net: NetName=GND_DR Pin=R32-2
Added Net: Name=GND_DR
Added Pin To Net: NetName=GND_ENC Pin=C13-1
Added Pin To Net: NetName=GND_ENC Pin=C18-2
Added Pin To Net: NetName=GND_ENC Pin=C19-2
Added Pin To Net: NetName=GND_ENC Pin=C20-1
Added Pin To Net: NetName=GND_ENC Pin=C21-1
Added Pin To Net: NetName=GND_ENC Pin=J1-8
Added Pin To Net: NetName=GND_ENC Pin=J1-10
Added Pin To Net: NetName=GND_ENC Pin=J1-11
Added Pin To Net: NetName=GND_ENC Pin=J1-13
Added Pin To Net: NetName=GND_ENC Pin=J1-14
Added Pin To Net: NetName=GND_ENC Pin=R12-1
Added Pin To Net: NetName=GND_ENC Pin=R19-2
Added Pin To Net: NetName=GND_ENC Pin=U3-2
Added Pin To Net: NetName=GND_ENC Pin=U3-11
Added Pin To Net: NetName=GND_ENC Pin=U3-18
Added Pin To Net: NetName=GND_ENC Pin=U3-21
Added Pin To Net: NetName=GND_ENC Pin=U3-22
Added Net: Name=GND_ENC
Added Pin To Net: NetName=GND Pin=BAT1-2
Added Pin To Net: NetName=GND Pin=BOOT1-5
Added Pin To Net: NetName=GND Pin=BOOT1-6
Added Pin To Net: NetName=GND Pin=C1-1
Added Pin To Net: NetName=GND Pin=C2-1
Added Pin To Net: NetName=GND Pin=C3-1
Added Pin To Net: NetName=GND Pin=C4-1
Added Pin To Net: NetName=GND Pin=C5-2
Added Pin To Net: NetName=GND Pin=C6-1
Added Pin To Net: NetName=GND Pin=C7-1
Added Pin To Net: NetName=GND Pin=C8-1
Added Pin To Net: NetName=GND Pin=C9-1
Added Pin To Net: NetName=GND Pin=C10-1
Added Pin To Net: NetName=GND Pin=C11-2
Added Pin To Net: NetName=GND Pin=C12-1
Added Pin To Net: NetName=GND Pin=C14-2
Added Pin To Net: NetName=GND Pin=C15-2
Added Pin To Net: NetName=GND Pin=C16-2
Added Pin To Net: NetName=GND Pin=C17-1
Added Pin To Net: NetName=GND Pin=C22-2
Added Pin To Net: NetName=GND Pin=C23-1
Added Pin To Net: NetName=GND Pin=JTAG1-4
Added Pin To Net: NetName=GND Pin=JTAG1-6
Added Pin To Net: NetName=GND Pin=JTAG1-8
Added Pin To Net: NetName=GND Pin=JTAG1-10
Added Pin To Net: NetName=GND Pin=JTAG1-12
Added Pin To Net: NetName=GND Pin=JTAG1-14
Added Pin To Net: NetName=GND Pin=JTAG1-16
Added Pin To Net: NetName=GND Pin=JTAG1-18
Added Pin To Net: NetName=GND Pin=JTAG1-20
Added Pin To Net: NetName=GND Pin=K1-1
Added Pin To Net: NetName=GND Pin=K2-2
Added Pin To Net: NetName=GND Pin=K3-2
Added Pin To Net: NetName=GND Pin=K4-2
Added Pin To Net: NetName=GND Pin=K5-2
Added Pin To Net: NetName=GND Pin=LED1-2
Added Pin To Net: NetName=GND Pin=P1-42
Added Pin To Net: NetName=GND Pin=P1-44
Added Pin To Net: NetName=GND Pin=P2-42
Added Pin To Net: NetName=GND Pin=P2-44
Added Pin To Net: NetName=GND Pin=P3-1
Added Pin To Net: NetName=GND Pin=P3-3
Added Pin To Net: NetName=GND Pin=Q3-2
Added Pin To Net: NetName=GND Pin=R1-1
Added Pin To Net: NetName=GND Pin=R16-2
Added Pin To Net: NetName=GND Pin=R19-1
Added Pin To Net: NetName=GND Pin=R32-1
Added Pin To Net: NetName=GND Pin=R34-1
Added Pin To Net: NetName=GND Pin=R39-1
Added Pin To Net: NetName=GND Pin=U1-12
Added Pin To Net: NetName=GND Pin=U1-18
Added Pin To Net: NetName=GND Pin=U1-31
Added Pin To Net: NetName=GND Pin=U1-47
Added Pin To Net: NetName=GND Pin=U1-63
Added Pin To Net: NetName=GND Pin=U2-3
Added Pin To Net: NetName=GND Pin=U2-29
Added Pin To Net: NetName=GND Pin=U4-2
Added Pin To Net: NetName=GND Pin=USB1-5
Added Pin To Net: NetName=GND Pin=USB2-5
Added Net: Name=GND
Added Pin To Net: NetName=JTCLK Pin=JTAG1-9
Added Pin To Net: NetName=JTCLK Pin=P1-25
Added Pin To Net: NetName=JTCLK Pin=P1-26
Added Pin To Net: NetName=JTCLK Pin=R1-2
Added Pin To Net: NetName=JTCLK Pin=U1-49
Added Net: Name=JTCLK
Added Pin To Net: NetName=JTDI Pin=JTAG1-5
Added Pin To Net: NetName=JTDI Pin=P1-23
Added Pin To Net: NetName=JTDI Pin=P1-24
Added Pin To Net: NetName=JTDI Pin=R3-2
Added Pin To Net: NetName=JTDI Pin=U1-50
Added Net: Name=JTDI
Added Pin To Net: NetName=JTDO Pin=JTAG1-13
Added Pin To Net: NetName=JTDO Pin=P1-13
Added Pin To Net: NetName=JTDO Pin=P1-14
Added Pin To Net: NetName=JTDO Pin=R5-2
Added Pin To Net: NetName=JTDO Pin=U1-55
Added Net: Name=JTDO
Added Pin To Net: NetName=JTMS Pin=JTAG1-7
Added Pin To Net: NetName=JTMS Pin=P1-27
Added Pin To Net: NetName=JTMS Pin=P1-28
Added Pin To Net: NetName=JTMS Pin=R4-2
Added Pin To Net: NetName=JTMS Pin=U1-46
Added Net: Name=JTMS
Added Pin To Net: NetName=JTRST Pin=JTAG1-3
Added Pin To Net: NetName=JTRST Pin=P1-11
Added Pin To Net: NetName=JTRST Pin=P1-12
Added Pin To Net: NetName=JTRST Pin=R2-2
Added Pin To Net: NetName=JTRST Pin=U1-56
Added Net: Name=JTRST
Added Pin To Net: NetName=KEY0 Pin=K2-1
Added Pin To Net: NetName=KEY0 Pin=P1-39
Added Pin To Net: NetName=KEY0 Pin=P1-40
Added Pin To Net: NetName=KEY0 Pin=U1-40
Added Net: Name=KEY0
Added Pin To Net: NetName=KEY1 Pin=K3-1
Added Pin To Net: NetName=KEY1 Pin=P3-17
Added Pin To Net: NetName=KEY1 Pin=P3-18
Added Pin To Net: NetName=KEY1 Pin=U1-39
Added Net: Name=KEY1
Added Pin To Net: NetName=KEY2 Pin=K4-1
Added Pin To Net: NetName=KEY2 Pin=P3-13
Added Pin To Net: NetName=KEY2 Pin=P3-14
Added Pin To Net: NetName=KEY2 Pin=U1-37
Added Net: Name=KEY2
Added Pin To Net: NetName=KEY3 Pin=K5-1
Added Pin To Net: NetName=KEY3 Pin=P3-5
Added Pin To Net: NetName=KEY3 Pin=P3-6
Added Pin To Net: NetName=KEY3 Pin=U1-33
Added Net: Name=KEY3
Added Pin To Net: NetName=LED0 Pin=P2-11
Added Pin To Net: NetName=LED0 Pin=P2-12
Added Pin To Net: NetName=LED0 Pin=R35-1
Added Pin To Net: NetName=LED0 Pin=U1-14
Added Net: Name=LED0
Added Pin To Net: NetName=LED1 Pin=P2-13
Added Pin To Net: NetName=LED1 Pin=P2-14
Added Pin To Net: NetName=LED1 Pin=R36-1
Added Pin To Net: NetName=LED1 Pin=U1-15
Added Net: Name=LED1
Added Pin To Net: NetName=LED2 Pin=P2-15
Added Pin To Net: NetName=LED2 Pin=P2-16
Added Pin To Net: NetName=LED2 Pin=R37-1
Added Pin To Net: NetName=LED2 Pin=U1-16
Added Net: Name=LED2
Added Pin To Net: NetName=LED3 Pin=P2-17
Added Pin To Net: NetName=LED3 Pin=P2-18
Added Pin To Net: NetName=LED3 Pin=R38-1
Added Pin To Net: NetName=LED3 Pin=U1-17
Added Net: Name=LED3
Added Pin To Net: NetName=LEDA Pin=R30-2
Added Pin To Net: NetName=LEDA Pin=U3-27
Added Net: Name=LEDA
Added Pin To Net: NetName=LEDB Pin=R31-2
Added Pin To Net: NetName=LEDB Pin=U3-26
Added Net: Name=LEDB
Added Pin To Net: NetName=NET_INT Pin=P1-17
Added Pin To Net: NetName=NET_INT Pin=P1-18
Added Pin To Net: NetName=NET_INT Pin=U1-53
Added Pin To Net: NetName=NET_INT Pin=U3-4
Added Net: Name=NET_INT
Added Pin To Net: NetName=NET_RST Pin=P1-21
Added Pin To Net: NetName=NET_RST Pin=P1-22
Added Pin To Net: NetName=NET_RST Pin=U1-29
Added Pin To Net: NetName=NET_RST Pin=U1-51
Added Pin To Net: NetName=NET_RST Pin=U3-10
Added Net: Name=NET_RST
Added Pin To Net: NetName=NET_SPI_CS Pin=P1-19
Added Pin To Net: NetName=NET_SPI_CS Pin=P1-20
Added Pin To Net: NetName=NET_SPI_CS Pin=U1-30
Added Pin To Net: NetName=NET_SPI_CS Pin=U1-52
Added Pin To Net: NetName=NET_SPI_CS Pin=U3-9
Added Net: Name=NET_SPI_CS
Added Pin To Net: NetName=NET_SPI_MISO Pin=P2-23
Added Pin To Net: NetName=NET_SPI_MISO Pin=P2-24
Added Pin To Net: NetName=NET_SPI_MISO Pin=U1-22
Added Pin To Net: NetName=NET_SPI_MISO Pin=U3-6
Added Net: Name=NET_SPI_MISO
Added Pin To Net: NetName=NET_SPI_MOSI Pin=P2-25
Added Pin To Net: NetName=NET_SPI_MOSI Pin=P2-26
Added Pin To Net: NetName=NET_SPI_MOSI Pin=U1-23
Added Pin To Net: NetName=NET_SPI_MOSI Pin=U3-7
Added Net: Name=NET_SPI_MOSI
Added Pin To Net: NetName=NET_SPI_SCK Pin=P2-21
Added Pin To Net: NetName=NET_SPI_SCK Pin=P2-22
Added Pin To Net: NetName=NET_SPI_SCK Pin=U1-21
Added Pin To Net: NetName=NET_SPI_SCK Pin=U3-8
Added Net: Name=NET_SPI_SCK
Added Pin To Net: NetName=NetBAT1_1 Pin=BAT1-1
Added Pin To Net: NetName=NetBAT1_1 Pin=D1-1
Added Net: Name=NetBAT1_1
Added Pin To Net: NetName=NetBEEP1_2 Pin=BEEP1-2
Added Pin To Net: NetName=NetBEEP1_2 Pin=D3-1
Added Pin To Net: NetName=NetBEEP1_2 Pin=Q3-3
Added Net: Name=NetBEEP1_2
Added Pin To Net: NetName=NetBOOT1_3 Pin=BOOT1-3
Added Pin To Net: NetName=NetBOOT1_3 Pin=R6-2
Added Net: Name=NetBOOT1_3
Added Pin To Net: NetName=NetBOOT1_4 Pin=BOOT1-4
Added Pin To Net: NetName=NetBOOT1_4 Pin=R8-1
Added Net: Name=NetBOOT1_4
Added Pin To Net: NetName=NetBUTTON1_1 Pin=BUTTON1-1
Added Pin To Net: NetName=NetBUTTON1_1 Pin=U4-1
Added Pin To Net: NetName=NetBUTTON1_1 Pin=U4-3
Added Net: Name=NetBUTTON1_1
Added Pin To Net: NetName=NetBUTTON1_2 Pin=BUTTON1-2
Added Pin To Net: NetName=NetBUTTON1_2 Pin=F1-2
Added Net: Name=NetBUTTON1_2
Added Pin To Net: NetName=NetC13_2 Pin=C13-2
Added Pin To Net: NetName=NetC13_2 Pin=U3-1
Added Net: Name=NetC13_2
Added Pin To Net: NetName=NetC18_1 Pin=C18-1
Added Pin To Net: NetName=NetC18_1 Pin=U3-24
Added Pin To Net: NetName=NetC18_1 Pin=Y3-2
Added Net: Name=NetC18_1
Added Pin To Net: NetName=NetC19_1 Pin=C19-1
Added Pin To Net: NetName=NetC19_1 Pin=U3-23
Added Pin To Net: NetName=NetC19_1 Pin=Y3-1
Added Net: Name=NetC19_1
Added Pin To Net: NetName=NetC20_2 Pin=C20-2
Added Pin To Net: NetName=NetC20_2 Pin=J1-4
Added Pin To Net: NetName=NetC20_2 Pin=L2-1
Added Pin To Net: NetName=NetC20_2 Pin=R20-1
Added Pin To Net: NetName=NetC20_2 Pin=R21-1
Added Net: Name=NetC20_2
Added Pin To Net: NetName=NetC21_2 Pin=C21-2
Added Pin To Net: NetName=NetC21_2 Pin=R22-1
Added Pin To Net: NetName=NetC21_2 Pin=R23-1
Added Net: Name=NetC21_2
Added Pin To Net: NetName=NetH1_1 Pin=H1-1
Added Pin To Net: NetName=NetH1_1 Pin=H3-1
Added Pin To Net: NetName=NetH1_1 Pin=H4-2
Added Net: Name=NetH1_1
Added Pin To Net: NetName=NetH1_2 Pin=H1-2
Added Pin To Net: NetName=NetH1_2 Pin=Q1-3
Added Net: Name=NetH1_2
Added Pin To Net: NetName=NetH2_1 Pin=H2-1
Added Pin To Net: NetName=NetH2_1 Pin=H4-3
Added Net: Name=NetH2_1
Added Pin To Net: NetName=NetH3_2 Pin=H3-2
Added Pin To Net: NetName=NetH3_2 Pin=Q2-3
Added Net: Name=NetH3_2
Added Pin To Net: NetName=NetJ1_9 Pin=J1-9
Added Pin To Net: NetName=NetJ1_9 Pin=R31-1
Added Net: Name=NetJ1_9
Added Pin To Net: NetName=NetJ1_12 Pin=J1-12
Added Pin To Net: NetName=NetJ1_12 Pin=R30-1
Added Net: Name=NetJ1_12
Added Pin To Net: NetName=NetL2_2 Pin=L2-2
Added Pin To Net: NetName=NetL2_2 Pin=R25-1
Added Net: Name=NetL2_2
Added Pin To Net: NetName=NetLED1_1 Pin=LED1-1
Added Pin To Net: NetName=NetLED1_1 Pin=R15-2
Added Net: Name=NetLED1_1
Added Pin To Net: NetName=NetLED2_2 Pin=LED2-2
Added Pin To Net: NetName=NetLED2_2 Pin=R17-2
Added Net: Name=NetLED2_2
Added Pin To Net: NetName=NetLED3_2 Pin=LED3-2
Added Pin To Net: NetName=NetLED3_2 Pin=R18-2
Added Net: Name=NetLED3_2
Added Pin To Net: NetName=NetLED4_2 Pin=LED4-2
Added Pin To Net: NetName=NetLED4_2 Pin=R35-2
Added Net: Name=NetLED4_2
Added Pin To Net: NetName=NetLED5_2 Pin=LED5-2
Added Pin To Net: NetName=NetLED5_2 Pin=R36-2
Added Net: Name=NetLED5_2
Added Pin To Net: NetName=NetLED6_2 Pin=LED6-2
Added Pin To Net: NetName=NetLED6_2 Pin=R37-2
Added Net: Name=NetLED6_2
Added Pin To Net: NetName=NetLED7_2 Pin=LED7-2
Added Pin To Net: NetName=NetLED7_2 Pin=R38-2
Added Net: Name=NetLED7_2
Added Pin To Net: NetName=NetLED8_2 Pin=LED8-2
Added Pin To Net: NetName=NetLED8_2 Pin=R39-2
Added Net: Name=NetLED8_2
Added Pin To Net: NetName=NetQ1_1 Pin=Q1-1
Added Pin To Net: NetName=NetQ1_1 Pin=R24-1
Added Pin To Net: NetName=NetQ1_1 Pin=R27-2
Added Net: Name=NetQ1_1
Added Pin To Net: NetName=NetQ2_1 Pin=Q2-1
Added Pin To Net: NetName=NetQ2_1 Pin=R28-1
Added Pin To Net: NetName=NetQ2_1 Pin=R29-1
Added Net: Name=NetQ2_1
Added Pin To Net: NetName=NetQ3_1 Pin=Q3-1
Added Pin To Net: NetName=NetQ3_1 Pin=R33-2
Added Pin To Net: NetName=NetQ3_1 Pin=R34-2
Added Net: Name=NetQ3_1
Added Pin To Net: NetName=NetR10_1 Pin=R10-1
Added Pin To Net: NetName=NetR10_1 Pin=USB1-2
Added Net: Name=NetR10_1
Added Pin To Net: NetName=NetR11_1 Pin=R11-1
Added Pin To Net: NetName=NetR11_1 Pin=R13-1
Added Pin To Net: NetName=NetR11_1 Pin=USB1-3
Added Net: Name=NetR11_1
Added Pin To Net: NetName=NetR12_2 Pin=R12-2
Added Pin To Net: NetName=NetR12_2 Pin=U3-14
Added Net: Name=NetR12_2
Added Pin To Net: NetName=NetR14_2 Pin=R14-2
Added Pin To Net: NetName=NetR14_2 Pin=U2-9
Added Net: Name=NetR14_2
Added Pin To Net: NetName=NetR15_1 Pin=R15-1
Added Pin To Net: NetName=NetR15_1 Pin=U2-12
Added Net: Name=NetR15_1
Added Pin To Net: NetName=NetR16_1 Pin=R16-1
Added Pin To Net: NetName=NetR16_1 Pin=U2-11
Added Net: Name=NetR16_1
Added Pin To Net: NetName=OSC32_IN Pin=C3-2
Added Pin To Net: NetName=OSC32_IN Pin=U1-3
Added Pin To Net: NetName=OSC32_IN Pin=Y2-2
Added Net: Name=OSC32_IN
Added Pin To Net: NetName=OSC32_OUT Pin=C4-2
Added Pin To Net: NetName=OSC32_OUT Pin=U1-4
Added Pin To Net: NetName=OSC32_OUT Pin=Y2-1
Added Net: Name=OSC32_OUT
Added Pin To Net: NetName=OSC_IN Pin=C1-2
Added Pin To Net: NetName=OSC_IN Pin=R7-2
Added Pin To Net: NetName=OSC_IN Pin=U1-5
Added Pin To Net: NetName=OSC_IN Pin=Y1-2
Added Net: Name=OSC_IN
Added Pin To Net: NetName=OSC_OUT Pin=C2-2
Added Pin To Net: NetName=OSC_OUT Pin=R7-1
Added Pin To Net: NetName=OSC_OUT Pin=U1-6
Added Pin To Net: NetName=OSC_OUT Pin=Y1-1
Added Net: Name=OSC_OUT
Added Pin To Net: NetName=PA4 Pin=P2-19
Added Pin To Net: NetName=PA4 Pin=P2-20
Added Pin To Net: NetName=PA4 Pin=U1-20
Added Net: Name=PA4
Added Pin To Net: NetName=PA9 Pin=P1-35
Added Pin To Net: NetName=PA9 Pin=P1-36
Added Pin To Net: NetName=PA9 Pin=P4-4
Added Pin To Net: NetName=PA9 Pin=U1-42
Added Net: Name=PA9
Added Pin To Net: NetName=PA10 Pin=P1-33
Added Pin To Net: NetName=PA10 Pin=P1-34
Added Pin To Net: NetName=PA10 Pin=P4-2
Added Pin To Net: NetName=PA10 Pin=U1-43
Added Net: Name=PA10
Added Pin To Net: NetName=PA11 Pin=P1-31
Added Pin To Net: NetName=PA11 Pin=P1-32
Added Pin To Net: NetName=PA11 Pin=R10-2
Added Pin To Net: NetName=PA11 Pin=U1-44
Added Net: Name=PA11
Added Pin To Net: NetName=PA12 Pin=P1-29
Added Pin To Net: NetName=PA12 Pin=P1-30
Added Pin To Net: NetName=PA12 Pin=R11-2
Added Pin To Net: NetName=PA12 Pin=U1-45
Added Net: Name=PA12
Added Pin To Net: NetName=PB0 Pin=P2-31
Added Pin To Net: NetName=PB0 Pin=P2-32
Added Pin To Net: NetName=PB0 Pin=U1-26
Added Net: Name=PB0
Added Pin To Net: NetName=PB1 Pin=P2-33
Added Pin To Net: NetName=PB1 Pin=P2-34
Added Pin To Net: NetName=PB1 Pin=U1-27
Added Net: Name=PB1
Added Pin To Net: NetName=PB5 Pin=P1-9
Added Pin To Net: NetName=PB5 Pin=P1-10
Added Pin To Net: NetName=PB5 Pin=U1-57
Added Net: Name=PB5
Added Pin To Net: NetName=PB6 Pin=P1-7
Added Pin To Net: NetName=PB6 Pin=P1-8
Added Pin To Net: NetName=PB6 Pin=U1-58
Added Net: Name=PB6
Added Pin To Net: NetName=PB7 Pin=P1-5
Added Pin To Net: NetName=PB7 Pin=P1-6
Added Pin To Net: NetName=PB7 Pin=U1-59
Added Net: Name=PB7
Added Pin To Net: NetName=PB10 Pin=P2-37
Added Pin To Net: NetName=PB10 Pin=P2-38
Added Net: Name=PB10
Added Pin To Net: NetName=PB11 Pin=P2-39
Added Pin To Net: NetName=PB11 Pin=P2-40
Added Net: Name=PB11
Added Pin To Net: NetName=PB13 Pin=P3-7
Added Pin To Net: NetName=PB13 Pin=P3-8
Added Pin To Net: NetName=PB13 Pin=U1-34
Added Net: Name=PB13
Added Pin To Net: NetName=PB14 Pin=P3-9
Added Pin To Net: NetName=PB14 Pin=P3-10
Added Pin To Net: NetName=PB14 Pin=U1-35
Added Net: Name=PB14
Added Pin To Net: NetName=PB15 Pin=P3-11
Added Pin To Net: NetName=PB15 Pin=P3-12
Added Pin To Net: NetName=PB15 Pin=U1-36
Added Net: Name=PB15
Added Pin To Net: NetName=PC0 Pin=P2-3
Added Pin To Net: NetName=PC0 Pin=P2-4
Added Pin To Net: NetName=PC0 Pin=U1-8
Added Net: Name=PC0
Added Pin To Net: NetName=PC1 Pin=P2-5
Added Pin To Net: NetName=PC1 Pin=P2-6
Added Pin To Net: NetName=PC1 Pin=U1-9
Added Net: Name=PC1
Added Pin To Net: NetName=PC2 Pin=P2-7
Added Pin To Net: NetName=PC2 Pin=P2-8
Added Pin To Net: NetName=PC2 Pin=U1-10
Added Net: Name=PC2
Added Pin To Net: NetName=PC3 Pin=P2-9
Added Pin To Net: NetName=PC3 Pin=P2-10
Added Pin To Net: NetName=PC3 Pin=U1-11
Added Net: Name=PC3
Added Pin To Net: NetName=PC4 Pin=P2-27
Added Pin To Net: NetName=PC4 Pin=P2-28
Added Pin To Net: NetName=PC4 Pin=U1-24
Added Net: Name=PC4
Added Pin To Net: NetName=PC5 Pin=P2-29
Added Pin To Net: NetName=PC5 Pin=P2-30
Added Pin To Net: NetName=PC5 Pin=U1-25
Added Net: Name=PC5
Added Pin To Net: NetName=PC7 Pin=P3-15
Added Pin To Net: NetName=PC7 Pin=P3-16
Added Pin To Net: NetName=PC7 Pin=U1-38
Added Net: Name=PC7
Added Pin To Net: NetName=PC13 Pin=P2-1
Added Pin To Net: NetName=PC13 Pin=P2-2
Added Pin To Net: NetName=PC13 Pin=U1-2
Added Net: Name=PC13
Added Pin To Net: NetName=PD2 Pin=P1-15
Added Pin To Net: NetName=PD2 Pin=P1-16
Added Pin To Net: NetName=PD2 Pin=U1-54
Added Net: Name=PD2
Added Pin To Net: NetName=RESET Pin=C6-2
Added Pin To Net: NetName=RESET Pin=JTAG1-15
Added Pin To Net: NetName=RESET Pin=K1-2
Added Pin To Net: NetName=RESET Pin=R9-1
Added Pin To Net: NetName=RESET Pin=U1-7
Added Net: Name=RESET
Added Pin To Net: NetName=TPIN+ Pin=J1-3
Added Pin To Net: NetName=TPIN+ Pin=R22-2
Added Pin To Net: NetName=TPIN+ Pin=U3-13
Added Net: Name=TPIN+
Added Pin To Net: NetName=TPIN- Pin=J1-6
Added Pin To Net: NetName=TPIN- Pin=R23-2
Added Pin To Net: NetName=TPIN- Pin=U3-12
Added Net: Name=TPIN-
Added Pin To Net: NetName=TPOUT+ Pin=J1-1
Added Pin To Net: NetName=TPOUT+ Pin=R20-2
Added Pin To Net: NetName=TPOUT+ Pin=U3-17
Added Net: Name=TPOUT+
Added Pin To Net: NetName=TPOUT- Pin=J1-2
Added Pin To Net: NetName=TPOUT- Pin=R21-2
Added Pin To Net: NetName=TPOUT- Pin=U3-16
Added Net: Name=TPOUT-
Added Pin To Net: NetName=VBAT Pin=D1-2
Added Pin To Net: NetName=VBAT Pin=D2-2
Added Pin To Net: NetName=VBAT Pin=U1-1
Added Net: Name=VBAT
Added Pin To Net: NetName=VBUS Pin=C15-1
Added Pin To Net: NetName=VBUS Pin=C16-1
Added Pin To Net: NetName=VBUS Pin=F1-1
Added Pin To Net: NetName=VBUS Pin=H4-1
Added Pin To Net: NetName=VBUS Pin=U2-7
Added Pin To Net: NetName=VBUS Pin=U2-8
Added Pin To Net: NetName=VBUS Pin=USB1-1
Added Pin To Net: NetName=VBUS Pin=USB2-1
Added Net: Name=VBUS
Added Pin To Net: NetName=VCC_3V3_IN Pin=C22-1
Added Pin To Net: NetName=VCC_3V3_IN Pin=C23-2
Added Pin To Net: NetName=VCC_3V3_IN Pin=LED8-1
Added Pin To Net: NetName=VCC_3V3_IN Pin=R25-2
Added Pin To Net: NetName=VCC_3V3_IN Pin=R26-1
Added Pin To Net: NetName=VCC_3V3_IN Pin=U4-5
Added Net: Name=VCC_3V3_IN
Added Pin To Net: NetName=VCC_3V3 Pin=BEEP1-1
Added Pin To Net: NetName=VCC_3V3 Pin=BOOT1-1
Added Pin To Net: NetName=VCC_3V3 Pin=BOOT1-2
Added Pin To Net: NetName=VCC_3V3 Pin=C5-1
Added Pin To Net: NetName=VCC_3V3 Pin=C7-2
Added Pin To Net: NetName=VCC_3V3 Pin=C8-2
Added Pin To Net: NetName=VCC_3V3 Pin=C9-2
Added Pin To Net: NetName=VCC_3V3 Pin=C10-2
Added Pin To Net: NetName=VCC_3V3 Pin=D2-1
Added Pin To Net: NetName=VCC_3V3 Pin=D3-2
Added Pin To Net: NetName=VCC_3V3 Pin=JTAG1-1
Added Pin To Net: NetName=VCC_3V3 Pin=JTAG1-2
Added Pin To Net: NetName=VCC_3V3 Pin=L1-2
Added Pin To Net: NetName=VCC_3V3 Pin=LED2-1
Added Pin To Net: NetName=VCC_3V3 Pin=LED3-1
Added Pin To Net: NetName=VCC_3V3 Pin=LED4-1
Added Pin To Net: NetName=VCC_3V3 Pin=LED5-1
Added Pin To Net: NetName=VCC_3V3 Pin=LED6-1
Added Pin To Net: NetName=VCC_3V3 Pin=LED7-1
Added Pin To Net: NetName=VCC_3V3 Pin=P1-41
Added Pin To Net: NetName=VCC_3V3 Pin=P1-43
Added Pin To Net: NetName=VCC_3V3 Pin=P2-41
Added Pin To Net: NetName=VCC_3V3 Pin=P2-43
Added Pin To Net: NetName=VCC_3V3 Pin=P3-2
Added Pin To Net: NetName=VCC_3V3 Pin=P3-4
Added Pin To Net: NetName=VCC_3V3 Pin=R2-1
Added Pin To Net: NetName=VCC_3V3 Pin=R3-1
Added Pin To Net: NetName=VCC_3V3 Pin=R4-1
Added Pin To Net: NetName=VCC_3V3 Pin=R5-1
Added Pin To Net: NetName=VCC_3V3 Pin=R9-2
Added Pin To Net: NetName=VCC_3V3 Pin=R13-2
Added Pin To Net: NetName=VCC_3V3 Pin=R26-2
Added Pin To Net: NetName=VCC_3V3 Pin=U1-19
Added Pin To Net: NetName=VCC_3V3 Pin=U1-32
Added Pin To Net: NetName=VCC_3V3 Pin=U1-48
Added Pin To Net: NetName=VCC_3V3 Pin=U1-64
Added Net: Name=VCC_3V3
Added Pin To Net: NetName=VCC_ENC Pin=U3-15
Added Pin To Net: NetName=VCC_ENC Pin=U3-19
Added Pin To Net: NetName=VCC_ENC Pin=U3-20
Added Pin To Net: NetName=VCC_ENC Pin=U3-25
Added Pin To Net: NetName=VCC_ENC Pin=U3-28
Added Net: Name=VCC_ENC
Added Pin To Net: NetName=VCCA_3V3 Pin=C11-1
Added Pin To Net: NetName=VCCA_3V3 Pin=C12-2
Added Pin To Net: NetName=VCCA_3V3 Pin=L1-1
Added Pin To Net: NetName=VCCA_3V3 Pin=U1-13
Added Net: Name=VCCA_3V3
Added Class: Name=mcu_sys_sch
Added Class: Name=web_sch
Added Room: Name=mcu_sys_sch
Added Room: Name=web_sch
