Change Component Designator: Old Designator=C13 New Designator=C22
Change Component Designator: Old Designator=C14 New Designator=C23
Change Component Designator: Old Designator=C17 New Designator=C14
Change Component Designator: Old Designator=C18 New Designator=C17
Change Component Designator: Old Designator=C19 New Designator=C13
Change Component Designator: Old Designator=C21 New Designator=C18
Change Component Designator: Old Designator=C22 New Designator=C19
Change Component Designator: Old Designator=H1 New Designator=H4
Change Component Designator: Old Designator=H2 New Designator=H1
Change Component Designator: Old Designator=H3 New Designator=H2
Change Component Designator: Old Designator=H4 New Designator=H3
Change Component Designator: Old Designator=LED1 New Designator=LED8
Change Component Designator: Old Designator=LED5 New Designator=LED1
Change Component Designator: Old Designator=LED6 New Designator=LED5
Change Component Designator: Old Designator=LED7 New Designator=LED6
Change Component Designator: Old Designator=LED8 New Designator=LED7
Change Component Designator: Old Designator=Q1 New Designator=Q3
Change Component Designator: Old Designator=Q2 New Designator=Q1
Change Component Designator: Old Designator=Q3 New Designator=Q2
Change Component Designator: Old Designator=R10 New Designator=R11
Change Component Designator: Old Designator=R11 New Designator=R25
Change Component Designator: Old Designator=R14 New Designator=R32
Change Component Designator: Old Designator=R15 New Designator=R38
Change Component Designator: Old Designator=R16 New Designator=R33
Change Component Designator: Old Designator=R18 New Designator=R14
Change Component Designator: Old Designator=R19 New Designator=R18
Change Component Designator: Old Designator=R20 New Designator=R34
Change Component Designator: Old Designator=R21 New Designator=R15
Change Component Designator: Old Designator=R22 New Designator=R35
Change Component Designator: Old Designator=R23 New Designator=R16
Change Component Designator: Old Designator=R24 New Designator=R26
Change Component Designator: Old Designator=R25 New Designator=R36
Change Component Designator: Old Designator=R26 New Designator=R27
Change Component Designator: Old Designator=R27 New Designator=R37
Change Component Designator: Old Designator=R29 New Designator=R31
Change Component Designator: Old Designator=R30 New Designator=R24
Change Component Designator: Old Designator=R31 New Designator=R20
Change Component Designator: Old Designator=R32 New Designator=R29
Change Component Designator: Old Designator=R33 New Designator=R30
Change Component Designator: Old Designator=R34 New Designator=R21
Change Component Designator: Old Designator=R35 New Designator=R22
Change Component Designator: Old Designator=R36 New Designator=R23
Change Component Designator: Old Designator=R37 New Designator=R10
Change Component Designator: Old Designator=R38 New Designator=R19
Change Component Designator: Old Designator=U2 New Designator=U4
Change Component Designator: Old Designator=U3 New Designator=U2
Change Component Designator: Old Designator=U3 New Designator=U2
Change Component Designator: Old Designator=U4 New Designator=U3
